2025-08-13 10:50:02,787 - INFO - ==========================================================
2025-08-13 10:50:02,788 - INFO -           STARTING JPX AUTOMATED DATA PIPELINE
2025-08-13 10:50:02,788 - INFO - ==========================================================
2025-08-13 10:50:02,789 - INFO - Configuration loaded for Target: 08-2025.
2025-08-13 10:50:02,789 - INFO - Download Path: 'data/raw_downloads' | Output Path: 'data/final_output'
2025-08-13 10:50:02,791 - INFO - ============================================================
2025-08-13 10:50:02,791 - INFO - 🚀 Starting JPX Downloader for Aug. 2025
2025-08-13 10:50:02,791 - INFO - ============================================================
2025-08-13 10:50:02,791 - INFO - Running downloader in HEADLESS mode.
2025-08-13 10:50:03,495 - INFO - patching driver executable C:\Users\Execo Training\appdata\roaming\undetected_chromedriver\undetected_chromedriver.exe
2025-08-13 10:50:05,379 - INFO - Navigating to JPX website: https://www.jpx.co.jp/english/markets/statistics-equities/investor-type/index.html
2025-08-13 10:50:32,730 - INFO - Cookie banner not found or already accepted.
2025-08-13 10:50:32,730 - INFO - 
--- Processing Category: ETFs ---
2025-08-13 10:50:35,061 - INFO - Navigated to 'ETFs' > 'Monthly' tab.
2025-08-13 10:50:37,062 - INFO - Attempting to select year '2025' from dropdown...
2025-08-13 10:50:37,160 - INFO - Successfully selected year '2025'. Loading data...
2025-08-13 10:50:40,247 - WARNING - No downloadable file found for ETFs for Aug. 2025.
2025-08-13 10:50:40,248 - INFO - 
--- Processing Category: REITs ---
2025-08-13 10:50:42,073 - INFO - Navigated to 'REITs' > 'Monthly' tab.
2025-08-13 10:50:44,074 - INFO - Attempting to select year '2025' from dropdown...
2025-08-13 10:50:44,115 - INFO - Successfully selected year '2025'. Loading data...
2025-08-13 10:50:47,201 - WARNING - No downloadable file found for REITs for Aug. 2025.
2025-08-13 10:50:47,448 - INFO - Browser closed.
2025-08-13 10:50:47,448 - INFO - Saving updated download log to 'jpx_download_log.json'...
2025-08-13 10:50:47,449 - WARNING - 
⚠️ Download process finished, but no new or required files were found for the specified period.
2025-08-13 10:50:47,449 - WARNING - Extractor step skipped because no files were downloaded or found for the target period.
2025-08-13 10:50:47,450 - INFO - ==========================================================
2025-08-13 10:50:47,450 - INFO - ✅ PIPELINE FINISHED IN 44.66 SECONDS
2025-08-13 10:50:47,450 - INFO - ==========================================================
